<?xml version="1.0" encoding="UTF-8"?>
<!-- Generated by org.testng.reporters.JUnitReportReporter -->
<testsuite skipped="0" hostname="DESKTOP-GUDGL6E" name="restassuredTests.Demo2_POST_Request" tests="1" failures="0" timestamp="04 Sep 2019 11:33:07 GMT" time="2.986" errors="0">
  <testcase name="testPost" time="2.986" classname="restassuredTests.Demo2_POST_Request"/>
</testsuite> <!-- restassuredTests.Demo2_POST_Request -->
