<?xml version="1.0" encoding="UTF-8"?>
<!-- Generated by org.testng.reporters.JUnitReportReporter -->
<testsuite skipped="0" hostname="DESKTOP-GUDGL6E" name="restassuredTests.Demo3_PUT_Request" tests="1" failures="0" timestamp="10 Sep 2019 12:26:33 GMT" time="4.058" errors="0">
  <testcase name="testPUT" time="4.058" classname="restassuredTests.Demo3_PUT_Request"/>
</testsuite> <!-- restassuredTests.Demo3_PUT_Request -->
