<?xml version="1.0" encoding="UTF-8"?>
<!-- Generated by org.testng.reporters.JUnitReportReporter -->
<testsuite skipped="0" hostname="DESKTOP-GUDGL6E" name="restassuredTests.Demo1_Get_Request" tests="1" failures="0" timestamp="04 Sep 2019 09:55:49 GMT" time="3.817" errors="0">
  <testcase name="getWeatherDetails" time="3.817" classname="restassuredTests.Demo1_Get_Request"/>
</testsuite> <!-- restassuredTests.Demo1_Get_Request -->
