<?xml version="1.0" encoding="UTF-8"?>
<!-- Generated by org.testng.reporters.JUnitReportReporter -->
<testsuite skipped="0" hostname="DESKTOP-GUDGL6E" name="restassuredTests.Demo4_DELETE_Request" tests="1" failures="0" timestamp="04 Sep 2019 12:05:23 GMT" time="3.325" errors="0">
  <testcase name="testPUT" time="3.325" classname="restassuredTests.Demo4_DELETE_Request"/>
</testsuite> <!-- restassuredTests.Demo4_DELETE_Request -->
