<?xml version="1.0" encoding="UTF-8"?>
<!-- Generated by org.testng.reporters.JUnitReportReporter -->
<testsuite skipped="0" hostname="DESKTOP-GUDGL6E" name="restassuredTests.Demo5_BasicValidations_JSON" tests="5" failures="0" timestamp="05 Sep 2019 09:41:21 GMT" time="7.043" errors="0">
  <testcase name="testStatusCode" time="2.215" classname="restassuredTests.Demo5_BasicValidations_JSON"/>
  <testcase name="testLogging" time="1.234" classname="restassuredTests.Demo5_BasicValidations_JSON"/>
  <testcase name="testSingleContent" time="1.574" classname="restassuredTests.Demo5_BasicValidations_JSON"/>
  <testcase name="testParamsAndHeaders" time="0.949" classname="restassuredTests.Demo5_BasicValidations_JSON"/>
  <testcase name="testMultipleContent" time="1.071" classname="restassuredTests.Demo5_BasicValidations_JSON"/>
</testsuite> <!-- restassuredTests.Demo5_BasicValidations_JSON -->
